<?xml version="1.0" encoding="UTF-8"?>
<testng-results ignored="0" total="2" passed="2" failed="0" skipped="0">
  <reporter-output>
  </reporter-output>
  <suite started-at="2023-04-24T01:02:30 CEST" name="Practice Suite" finished-at="2023-04-24T01:02:32 CEST" duration-ms="2493">
    <groups>
    </groups>
    <test started-at="2023-04-24T01:02:30 CEST" name="User Tests" finished-at="2023-04-24T01:02:32 CEST" duration-ms="2493">
      <class name="api.test.UserTests">
        <test-method is-config="true" signature="setupData()[pri:0, instance:api.test.UserTests@4803b726]" started-at="2023-04-24T01:02:30 CEST" name="setupData" finished-at="2023-04-24T01:02:30 CEST" duration-ms="154" status="PASS">
          <reporter-output>
          </reporter-output>
        </test-method> <!-- setupData -->
        <test-method signature="testPostUser()[pri:1, instance:api.test.UserTests@4803b726]" started-at="2023-04-24T01:02:30 CEST" name="testPostUser" finished-at="2023-04-24T01:02:32 CEST" duration-ms="1742" status="PASS">
          <reporter-output>
          </reporter-output>
        </test-method> <!-- testPostUser -->
        <test-method signature="testPostUser2()[pri:2, instance:api.test.UserTests@4803b726]" started-at="2023-04-24T01:02:32 CEST" name="testPostUser2" finished-at="2023-04-24T01:02:32 CEST" duration-ms="564" status="PASS">
          <reporter-output>
          </reporter-output>
        </test-method> <!-- testPostUser2 -->
      </class> <!-- api.test.UserTests -->
    </test> <!-- User Tests -->
  </suite> <!-- Practice Suite -->
</testng-results>
